<?xml version="1.0" encoding="UTF-8"?>
<!-- Generated by org.testng.reporters.JUnitReportReporter -->
<testsuite hostname="LAPTOP-BH9IM1PN" failures="0" tests="12" name="b51Integrating_TestNG_in_Cucumber_MyRunner.MyRunner" time="0.449" errors="0" timestamp="2023-08-13T19:23:38 IST" skipped="0">
  <testcase classname="b51Integrating_TestNG_in_Cucumber_MyRunner.MyRunner" name="runScenario" time="0.015"/>
  <system-out/>
  <testcase classname="b51Integrating_TestNG_in_Cucumber_MyRunner.MyRunner" name="runScenario" time="0.024"/>
  <system-out/>
  <testcase classname="b51Integrating_TestNG_in_Cucumber_MyRunner.MyRunner" name="runScenario" time="0.015"/>
  <system-out/>
  <testcase classname="b51Integrating_TestNG_in_Cucumber_MyRunner.MyRunner" name="runScenario" time="0.011"/>
  <system-out/>
  <testcase classname="b51Integrating_TestNG_in_Cucumber_MyRunner.MyRunner" name="runScenario" time="0.036"/>
  <system-out/>
  <testcase classname="b51Integrating_TestNG_in_Cucumber_MyRunner.MyRunner" name="runScenario" time="0.019"/>
  <system-out/>
  <testcase classname="b51Integrating_TestNG_in_Cucumber_MyRunner.MyRunner" name="runScenario" time="0.031"/>
  <system-out/>
  <testcase classname="b51Integrating_TestNG_in_Cucumber_MyRunner.MyRunner" name="runScenario" time="0.016"/>
  <system-out/>
  <testcase classname="b51Integrating_TestNG_in_Cucumber_MyRunner.MyRunner" name="runScenario" time="0.015"/>
  <system-out/>
  <testcase classname="b51Integrating_TestNG_in_Cucumber_MyRunner.MyRunner" name="runScenario" time="0.014"/>
  <system-out/>
  <testcase classname="b51Integrating_TestNG_in_Cucumber_MyRunner.MyRunner" name="runScenario" time="0.241"/>
  <system-out/>
  <testcase classname="b51Integrating_TestNG_in_Cucumber_MyRunner.MyRunner" name="runScenario" time="0.012"/>
  <system-out/>
</testsuite> <!-- b51Integrating_TestNG_in_Cucumber_MyRunner.MyRunner -->
